0 info it worked if it ends with ok
1 verbose cli [ '/usr/bin/node', '/usr/bin/npm', 'run', 'ui.test' ]
2 info using npm@3.5.2
3 info using node@v8.10.0
4 verbose run-script [ 'preui.test', 'ui.test', 'postui.test' ]
5 info lifecycle ensiie-test-front@1.0.0~preui.test: ensiie-test-front@1.0.0
6 silly lifecycle ensiie-test-front@1.0.0~preui.test: no script for preui.test, continuing
7 info lifecycle ensiie-test-front@1.0.0~ui.test: ensiie-test-front@1.0.0
8 verbose lifecycle ensiie-test-front@1.0.0~ui.test: unsafe-perm in lifecycle true
9 verbose lifecycle ensiie-test-front@1.0.0~ui.test: PATH: /usr/share/npm/bin/node-gyp-bin:/home/tahrim/Téléchargements/Cours/2A/TestUnitaire/Projet_finale/JetPack_ProjectFront/node_modules/.bin:/home/tahrim/anaconda3/bin:/home/tahrim/anaconda3/condabin:/usr/local/sbin:/usr/local/bin:/usr/sbin:/usr/bin:/sbin:/bin:/usr/games:/usr/local/games:/snap/bin
10 verbose lifecycle ensiie-test-front@1.0.0~ui.test: CWD: /home/tahrim/Téléchargements/Cours/2A/TestUnitaire/Projet_finale/JetPack_ProjectFront
11 silly lifecycle ensiie-test-front@1.0.0~ui.test: Args: [ '-c', 'cypress run' ]
12 silly lifecycle ensiie-test-front@1.0.0~ui.test: Returned: code: 1  signal: null
13 info lifecycle ensiie-test-front@1.0.0~ui.test: Failed to exec ui.test script
14 verbose stack Error: ensiie-test-front@1.0.0 ui.test: `cypress run`
14 verbose stack Exit status 1
14 verbose stack     at EventEmitter.<anonymous> (/usr/share/npm/lib/utils/lifecycle.js:232:16)
14 verbose stack     at emitTwo (events.js:126:13)
14 verbose stack     at EventEmitter.emit (events.js:214:7)
14 verbose stack     at ChildProcess.<anonymous> (/usr/share/npm/lib/utils/spawn.js:24:14)
14 verbose stack     at emitTwo (events.js:126:13)
14 verbose stack     at ChildProcess.emit (events.js:214:7)
14 verbose stack     at maybeClose (internal/child_process.js:925:16)
14 verbose stack     at Process.ChildProcess._handle.onexit (internal/child_process.js:209:5)
15 verbose pkgid ensiie-test-front@1.0.0
16 verbose cwd /home/tahrim/Téléchargements/Cours/2A/TestUnitaire/Projet_finale/JetPack_ProjectFront
17 error Linux 4.15.0-65-generic
18 error argv "/usr/bin/node" "/usr/bin/npm" "run" "ui.test"
19 error node v8.10.0
20 error npm  v3.5.2
21 error code ELIFECYCLE
22 error ensiie-test-front@1.0.0 ui.test: `cypress run`
22 error Exit status 1
23 error Failed at the ensiie-test-front@1.0.0 ui.test script 'cypress run'.
23 error Make sure you have the latest version of node.js and npm installed.
23 error If you do, this is most likely a problem with the ensiie-test-front package,
23 error not with npm itself.
23 error Tell the author that this fails on your system:
23 error     cypress run
23 error You can get information on how to open an issue for this project with:
23 error     npm bugs ensiie-test-front
23 error Or if that isn't available, you can get their info via:
23 error     npm owner ls ensiie-test-front
23 error There is likely additional logging output above.
24 verbose exit [ 1, true ]
